DEBUG:mysql.connector.connection:new_auth_plugin: mysql_native_password
DEBUG:mysql.connector.connection:new_auth_plugin: mysql_native_password
DEBUG:mysql.connector.connection:new_auth_plugin: mysql_native_password
INFO:werkzeug: * Running on http://0.0.0.0:5000/ (Press CTRL+C to quit)
INFO:root:Entering getUser
INFO:root:getUser successful
INFO:werkzeug:127.0.0.1 - - [04/Mar/2021 13:17:20] "[37mPOST /login HTTP/1.1[0m" 200 -
INFO:root:Entering getUser
INFO:root:getUser successful
INFO:werkzeug:127.0.0.1 - - [04/Mar/2021 13:17:50] "[37mGET /getUser?email=test9@students.stonehill.edu&auth_token=0M647nrREWo10NvuNp0JmL2pWOfm0x2NQBwh9XVw0Ksi3 HTTP/1.1[0m" 200 -
DEBUG:mysql.connector.connection:new_auth_plugin: mysql_native_password
DEBUG:mysql.connector.connection:new_auth_plugin: mysql_native_password
DEBUG:mysql.connector.connection:new_auth_plugin: mysql_native_password
DEBUG:mysql.connector.connection:new_auth_plugin: mysql_native_password
DEBUG:mysql.connector.connection:new_auth_plugin: mysql_native_password
DEBUG:mysql.connector.connection:new_auth_plugin: mysql_native_password
DEBUG:mysql.connector.connection:new_auth_plugin: mysql_native_password
DEBUG:mysql.connector.connection:new_auth_plugin: mysql_native_password
DEBUG:mysql.connector.connection:new_auth_plugin: mysql_native_password
DEBUG:mysql.connector.connection:new_auth_plugin: mysql_native_password
DEBUG:mysql.connector.connection:new_auth_plugin: mysql_native_password
DEBUG:mysql.connector.connection:new_auth_plugin: mysql_native_password
DEBUG:mysql.connector.connection:new_auth_plugin: mysql_native_password
DEBUG:mysql.connector.connection:new_auth_plugin: mysql_native_password
DEBUG:mysql.connector.connection:new_auth_plugin: mysql_native_password
DEBUG:mysql.connector.connection:new_auth_plugin: mysql_native_password
DEBUG:mysql.connector.connection:new_auth_plugin: mysql_native_password
DEBUG:mysql.connector.connection:new_auth_plugin: mysql_native_password
DEBUG:mysql.connector.connection:new_auth_plugin: mysql_native_password
DEBUG:mysql.connector.connection:new_auth_plugin: mysql_native_password
DEBUG:mysql.connector.connection:new_auth_plugin: mysql_native_password
DEBUG:mysql.connector.connection:new_auth_plugin: mysql_native_password
DEBUG:mysql.connector.connection:new_auth_plugin: mysql_native_password
DEBUG:mysql.connector.connection:new_auth_plugin: mysql_native_password
INFO:werkzeug:127.0.0.1 - - [06/Mar/2021 21:52:26] "[37mGET /getContainersForUser?email=test0@students.stonehill.edu&auth_token=B78qudvEzUoeC2yZz4IHLyznAUC1d5yLDlRM7uk8KSC6p HTTP/1.1[0m" 200 -
INFO:root:Entering getUser
INFO:root:getUser successful
INFO:werkzeug:127.0.0.1 - - [06/Mar/2021 21:52:35] "[37mPOST /login HTTP/1.1[0m" 200 -
INFO:root:Entering getUser
INFO:root:getUser successful
INFO:werkzeug:127.0.0.1 - - [06/Mar/2021 21:53:42] "[37mPOST /login HTTP/1.1[0m" 200 -
INFO:root:Entering getUser
INFO:root:getUser successful
INFO:werkzeug:127.0.0.1 - - [06/Mar/2021 21:54:05] "[37mPOST /login HTTP/1.1[0m" 200 -
INFO:root:Entering getUser
INFO:root:getUser successful
INFO:werkzeug:127.0.0.1 - - [06/Mar/2021 21:54:40] "[37mGET /getUser?email=test0@students.stonehill.edu&auth_token=A3BryiantFLkXTQEImaKgGtEc62D7fKgdItNkERkRkSeZ HTTP/1.1[0m" 200 -
INFO:werkzeug:127.0.0.1 - - [06/Mar/2021 21:56:14] "[37mGET /getContainersForUser?email=test0@students.stonehill.edu&auth_token=A3BryiantFLkXTQEImaKgGtEc62D7fKgdItNkERkRkSeZ HTTP/1.1[0m" 200 -
INFO:werkzeug: * Detected change in '/Users/andrewpetti/green2go/Backend/runBackend.py', reloading
INFO:werkzeug: * Restarting with stat
DEBUG:mysql.connector.connection:new_auth_plugin: mysql_native_password
DEBUG:mysql.connector.connection:new_auth_plugin: mysql_native_password
DEBUG:mysql.connector.connection:new_auth_plugin: mysql_native_password
DEBUG:mysql.connector.connection:new_auth_plugin: mysql_native_password
INFO:werkzeug:127.0.0.1 - - [06/Mar/2021 21:56:29] "[37mGET /getContainersForUser?email=test0@students.stonehill.edu&auth_token=A3BryiantFLkXTQEImaKgGtEc62D7fKgdItNkERkRkSeZ HTTP/1.1[0m" 200 -
WARNING:werkzeug: * Debugger is active!
INFO:werkzeug: * Debugger PIN: 201-578-557
INFO:werkzeug: * Running on http://0.0.0.0:5000/ (Press CTRL+C to quit)
INFO:werkzeug: * Restarting with stat
WARNING:werkzeug: * Debugger is active!
INFO:werkzeug: * Debugger PIN: 201-578-557
DEBUG:mysql.connector.connection:new_auth_plugin: mysql_native_password
DEBUG:mysql.connector.connection:new_auth_plugin: mysql_native_password
DEBUG:mysql.connector.connection:new_auth_plugin: mysql_native_password
DEBUG:mysql.connector.connection:new_auth_plugin: mysql_native_password
INFO:werkzeug: * Restarting with stat
DEBUG:mysql.connector.connection:new_auth_plugin: mysql_native_password
DEBUG:mysql.connector.connection:new_auth_plugin: mysql_native_password
DEBUG:mysql.connector.connection:new_auth_plugin: mysql_native_password
DEBUG:mysql.connector.connection:new_auth_plugin: mysql_native_password
WARNING:werkzeug: * Debugger is active!
INFO:werkzeug: * Debugger PIN: 158-575-265
INFO:werkzeug: * Running on http://0.0.0.0:5000/ (Press CTRL+C to quit)
DEBUG:mysql.connector.connection:new_auth_plugin: mysql_native_password
DEBUG:mysql.connector.connection:new_auth_plugin: mysql_native_password
DEBUG:mysql.connector.connection:new_auth_plugin: mysql_native_password
DEBUG:mysql.connector.connection:new_auth_plugin: mysql_native_password
INFO:werkzeug: * Restarting with stat
DEBUG:mysql.connector.connection:new_auth_plugin: mysql_native_password
DEBUG:mysql.connector.connection:new_auth_plugin: mysql_native_password
DEBUG:mysql.connector.connection:new_auth_plugin: mysql_native_password
DEBUG:mysql.connector.connection:new_auth_plugin: mysql_native_password
WARNING:werkzeug: * Debugger is active!
INFO:werkzeug: * Debugger PIN: 158-575-265
INFO:werkzeug: * Running on http://0.0.0.0:5000/ (Press CTRL+C to quit)
INFO:werkzeug:127.0.0.1 - - [08/Mar/2021 09:48:02] "[37mGET /getUser?email=test9@students.stonehill.edu&auth_token=0M647nrREWo10NvuNp0JmL2pWOfm0x2NQBwh9XVw0Ksi3 HTTP/1.1[0m" 200 -
DEBUG:mysql.connector.connection:new_auth_plugin: mysql_native_password
DEBUG:mysql.connector.connection:new_auth_plugin: mysql_native_password
DEBUG:mysql.connector.connection:new_auth_plugin: mysql_native_password
DEBUG:mysql.connector.connection:new_auth_plugin: mysql_native_password
INFO:werkzeug: * Restarting with stat
DEBUG:mysql.connector.connection:new_auth_plugin: mysql_native_password
DEBUG:mysql.connector.connection:new_auth_plugin: mysql_native_password
DEBUG:mysql.connector.connection:new_auth_plugin: mysql_native_password
DEBUG:mysql.connector.connection:new_auth_plugin: mysql_native_password
WARNING:werkzeug: * Debugger is active!
INFO:werkzeug: * Debugger PIN: 158-575-265
INFO:werkzeug: * Running on http://0.0.0.0:5000/ (Press CTRL+C to quit)
INFO:root:Entering getUser
ERROR:root:Error in getUser
ERROR:root:string indices must be integers
INFO:werkzeug:127.0.0.1 - - [08/Mar/2021 10:54:30] "[35m[1mGET /getUser?email=test9@students.stonehill.edu&auth_token=0M647nrREWo10NvuNp0JmL2pWOfm0x2NQBwh9XVw0Ksi3 HTTP/1.1[0m" 500 -
INFO:werkzeug: * Detected change in 'C:\\Users\\Patrick\\Desktop\\green2go\\Backend\\runBackend.py', reloading
INFO:werkzeug: * Restarting with stat
DEBUG:mysql.connector.connection:new_auth_plugin: mysql_native_password
DEBUG:mysql.connector.connection:new_auth_plugin: mysql_native_password
DEBUG:mysql.connector.connection:new_auth_plugin: mysql_native_password
DEBUG:mysql.connector.connection:new_auth_plugin: mysql_native_password
WARNING:werkzeug: * Debugger is active!
INFO:werkzeug: * Debugger PIN: 158-575-265
INFO:werkzeug: * Running on http://0.0.0.0:5000/ (Press CTRL+C to quit)
INFO:werkzeug: * Detected change in 'C:\\Users\\Patrick\\Desktop\\green2go\\Backend\\containerDao.py', reloading
INFO:werkzeug: * Restarting with stat
DEBUG:mysql.connector.connection:new_auth_plugin: mysql_native_password
DEBUG:mysql.connector.connection:new_auth_plugin: mysql_native_password
DEBUG:mysql.connector.connection:new_auth_plugin: mysql_native_password
DEBUG:mysql.connector.connection:new_auth_plugin: mysql_native_password
WARNING:werkzeug: * Debugger is active!
INFO:werkzeug: * Debugger PIN: 158-575-265
DEBUG:mysql.connector.connection:new_auth_plugin: mysql_native_password
DEBUG:mysql.connector.connection:new_auth_plugin: mysql_native_password
DEBUG:mysql.connector.connection:new_auth_plugin: mysql_native_password
DEBUG:mysql.connector.connection:new_auth_plugin: mysql_native_password
INFO:werkzeug: * Restarting with stat
DEBUG:mysql.connector.connection:new_auth_plugin: mysql_native_password
DEBUG:mysql.connector.connection:new_auth_plugin: mysql_native_password
DEBUG:mysql.connector.connection:new_auth_plugin: mysql_native_password
DEBUG:mysql.connector.connection:new_auth_plugin: mysql_native_password
WARNING:werkzeug: * Debugger is active!
INFO:werkzeug: * Debugger PIN: 158-575-265
INFO:werkzeug: * Running on http://0.0.0.0:5000/ (Press CTRL+C to quit)
INFO:root:Entering getUser
ERROR:root:Error in getUser
ERROR:root:string indices must be integers
INFO:werkzeug:127.0.0.1 - - [08/Mar/2021 10:57:24] "[35m[1mGET /getUser?email=test9@students.stonehill.edu&auth_token=0M647nrREWo10NvuNp0JmL2pWOfm0x2NQBwh9XVw0Ksi3 HTTP/1.1[0m" 500 -
INFO:werkzeug: * Detected change in 'C:\\Users\\Patrick\\Desktop\\green2go\\Backend\\userDao.py', reloading
INFO:werkzeug: * Restarting with stat
DEBUG:mysql.connector.connection:new_auth_plugin: mysql_native_password
DEBUG:mysql.connector.connection:new_auth_plugin: mysql_native_password
DEBUG:mysql.connector.connection:new_auth_plugin: mysql_native_password
DEBUG:mysql.connector.connection:new_auth_plugin: mysql_native_password
DEBUG:mysql.connector.connection:new_auth_plugin: mysql_native_password
DEBUG:mysql.connector.connection:new_auth_plugin: mysql_native_password
DEBUG:mysql.connector.connection:new_auth_plugin: mysql_native_password
INFO:werkzeug: * Restarting with stat
DEBUG:mysql.connector.connection:new_auth_plugin: mysql_native_password
DEBUG:mysql.connector.connection:new_auth_plugin: mysql_native_password
DEBUG:mysql.connector.connection:new_auth_plugin: mysql_native_password
DEBUG:mysql.connector.connection:new_auth_plugin: mysql_native_password
WARNING:werkzeug: * Debugger is active!
INFO:werkzeug: * Debugger PIN: 158-575-265
INFO:werkzeug: * Running on http://0.0.0.0:5000/ (Press CTRL+C to quit)
INFO:root:Entering getUser
ERROR:root:Error in getUser
ERROR:root:string indices must be integers
ERROR:root:string indices must be integers
INFO:werkzeug:127.0.0.1 - - [08/Mar/2021 10:58:26] "[37mGET /getUser?email=test9@students.stonehill.edu&auth_token=0M647nrREWo10NvuNp0JmL2pWOfm0x2NQBwh9XVw0Ksi3 HTTP/1.1[0m" 200 -
DEBUG:mysql.connector.connection:new_auth_plugin: mysql_native_password
DEBUG:mysql.connector.connection:new_auth_plugin: mysql_native_password
DEBUG:mysql.connector.connection:new_auth_plugin: mysql_native_password
DEBUG:mysql.connector.connection:new_auth_plugin: mysql_native_password
INFO:werkzeug: * Restarting with stat
DEBUG:mysql.connector.connection:new_auth_plugin: mysql_native_password
DEBUG:mysql.connector.connection:new_auth_plugin: mysql_native_password
DEBUG:mysql.connector.connection:new_auth_plugin: mysql_native_password
DEBUG:mysql.connector.connection:new_auth_plugin: mysql_native_password
WARNING:werkzeug: * Debugger is active!
INFO:werkzeug: * Debugger PIN: 158-575-265
INFO:werkzeug: * Running on http://0.0.0.0:5000/ (Press CTRL+C to quit)
INFO:root:Entering getUser
ERROR:root:Error in getUser
ERROR:root:string indices must be integers
ERROR:root:string indices must be integers
INFO:werkzeug:127.0.0.1 - - [08/Mar/2021 10:58:43] "[37mGET /getUser?email=test9@students.stonehill.edu&auth_token=0M647nrREWo10NvuNp0JmL2pWOfm0x2NQBwh9XVw0Ksi3 HTTP/1.1[0m" 200 -
INFO:werkzeug: * Detected change in 'C:\\Users\\Patrick\\Desktop\\green2go\\Backend\\runBackend.py', reloading
INFO:werkzeug: * Restarting with stat
DEBUG:mysql.connector.connection:new_auth_plugin: mysql_native_password
DEBUG:mysql.connector.connection:new_auth_plugin: mysql_native_password
DEBUG:mysql.connector.connection:new_auth_plugin: mysql_native_password
DEBUG:mysql.connector.connection:new_auth_plugin: mysql_native_password
WARNING:werkzeug: * Debugger is active!
INFO:werkzeug: * Debugger PIN: 158-575-265
INFO:werkzeug: * Running on http://0.0.0.0:5000/ (Press CTRL+C to quit)
DEBUG:mysql.connector.connection:new_auth_plugin: mysql_native_password
DEBUG:mysql.connector.connection:new_auth_plugin: mysql_native_password
DEBUG:mysql.connector.connection:new_auth_plugin: mysql_native_password
DEBUG:mysql.connector.connection:new_auth_plugin: mysql_native_password
INFO:werkzeug: * Restarting with stat
DEBUG:mysql.connector.connection:new_auth_plugin: mysql_native_password
DEBUG:mysql.connector.connection:new_auth_plugin: mysql_native_password
DEBUG:mysql.connector.connection:new_auth_plugin: mysql_native_password
DEBUG:mysql.connector.connection:new_auth_plugin: mysql_native_password
WARNING:werkzeug: * Debugger is active!
INFO:werkzeug: * Debugger PIN: 158-575-265
INFO:werkzeug: * Running on http://0.0.0.0:5000/ (Press CTRL+C to quit)
INFO:root:Entering getUser
ERROR:root:Error in getUser
ERROR:root:string indices must be integers
ERROR:root:string indices must be integers
INFO:werkzeug:127.0.0.1 - - [08/Mar/2021 11:02:06] "[37mGET /getUser?email=test9@students.stonehill.edu&auth_token=0M647nrREWo10NvuNp0JmL2pWOfm0x2NQBwh9XVw0Ksi3 HTTP/1.1[0m" 200 -
INFO:werkzeug: * Detected change in 'C:\\Users\\Patrick\\Desktop\\green2go\\Backend\\runBackend.py', reloading
INFO:werkzeug: * Restarting with stat
DEBUG:mysql.connector.connection:new_auth_plugin: mysql_native_password
DEBUG:mysql.connector.connection:new_auth_plugin: mysql_native_password
DEBUG:mysql.connector.connection:new_auth_plugin: mysql_native_password
DEBUG:mysql.connector.connection:new_auth_plugin: mysql_native_password
INFO:werkzeug: * Restarting with stat
DEBUG:mysql.connector.connection:new_auth_plugin: mysql_native_password
DEBUG:mysql.connector.connection:new_auth_plugin: mysql_native_password
DEBUG:mysql.connector.connection:new_auth_plugin: mysql_native_password
DEBUG:mysql.connector.connection:new_auth_plugin: mysql_native_password
WARNING:werkzeug: * Debugger is active!
INFO:werkzeug: * Debugger PIN: 158-575-265
INFO:werkzeug: * Running on http://0.0.0.0:5000/ (Press CTRL+C to quit)
INFO:werkzeug:127.0.0.1 - - [08/Mar/2021 11:05:46] "[37mGET /getUser?email=test9@students.stonehill.edu&auth_token=0M647nrREWo10NvuNp0JmL2pWOfm0x2NQBwh9XVw0Ksi3 HTTP/1.1[0m" 200 -
INFO:root:Entering getUser
INFO:root:getUser successful
INFO:werkzeug:127.0.0.1 - - [08/Mar/2021 11:06:01] "[37mPOST /login HTTP/1.1[0m" 200 -
INFO:root:Entering getUser
INFO:root:getUser successful
INFO:werkzeug:127.0.0.1 - - [08/Mar/2021 11:06:13] "[37mGET /getUser?email=test9@students.stonehill.edu&auth_token=Z9NoWwOrYzQMYgjIXvyuEcQW54CSE8gCaceH2UMk2FR1d HTTP/1.1[0m" 200 -
INFO:werkzeug:127.0.0.1 - - [08/Mar/2021 11:14:48] "[37mGET /getUser?email=test9@students.stonehill.edu HTTP/1.1[0m" 200 -
DEBUG:mysql.connector.connection:new_auth_plugin: mysql_native_password
DEBUG:mysql.connector.connection:new_auth_plugin: mysql_native_password
DEBUG:mysql.connector.connection:new_auth_plugin: mysql_native_password
DEBUG:mysql.connector.connection:new_auth_plugin: mysql_native_password
INFO:werkzeug: * Restarting with stat
DEBUG:mysql.connector.connection:new_auth_plugin: mysql_native_password
DEBUG:mysql.connector.connection:new_auth_plugin: mysql_native_password
DEBUG:mysql.connector.connection:new_auth_plugin: mysql_native_password
DEBUG:mysql.connector.connection:new_auth_plugin: mysql_native_password
WARNING:werkzeug: * Debugger is active!
INFO:werkzeug: * Debugger PIN: 158-575-265
INFO:werkzeug: * Running on http://0.0.0.0:5000/ (Press CTRL+C to quit)
INFO:werkzeug:127.0.0.1 - - [08/Mar/2021 14:55:58] "[35m[1mPOST /login HTTP/1.1[0m" 500 -
INFO:werkzeug: * Detected change in 'C:\\Users\\Patrick\\Desktop\\green2go\\Backend\\handlers\\helperHandler.py', reloading
INFO:werkzeug: * Restarting with stat
DEBUG:mysql.connector.connection:new_auth_plugin: mysql_native_password
DEBUG:mysql.connector.connection:new_auth_plugin: mysql_native_password
DEBUG:mysql.connector.connection:new_auth_plugin: mysql_native_password
DEBUG:mysql.connector.connection:new_auth_plugin: mysql_native_password
INFO:werkzeug: * Restarting with stat
DEBUG:mysql.connector.connection:new_auth_plugin: mysql_native_password
DEBUG:mysql.connector.connection:new_auth_plugin: mysql_native_password
DEBUG:mysql.connector.connection:new_auth_plugin: mysql_native_password
DEBUG:mysql.connector.connection:new_auth_plugin: mysql_native_password
WARNING:werkzeug: * Debugger is active!
INFO:werkzeug: * Debugger PIN: 158-575-265
INFO:werkzeug: * Running on http://0.0.0.0:5000/ (Press CTRL+C to quit)
INFO:werkzeug:127.0.0.1 - - [08/Mar/2021 14:56:38] "[35m[1mPOST /login HTTP/1.1[0m" 500 -
INFO:werkzeug: * Detected change in 'C:\\Users\\Patrick\\Desktop\\green2go\\Backend\\handlers\\helperHandler.py', reloading
INFO:werkzeug: * Restarting with stat
DEBUG:mysql.connector.connection:new_auth_plugin: mysql_native_password
DEBUG:mysql.connector.connection:new_auth_plugin: mysql_native_password
DEBUG:mysql.connector.connection:new_auth_plugin: mysql_native_password
DEBUG:mysql.connector.connection:new_auth_plugin: mysql_native_password
INFO:werkzeug: * Restarting with stat
DEBUG:mysql.connector.connection:new_auth_plugin: mysql_native_password
DEBUG:mysql.connector.connection:new_auth_plugin: mysql_native_password
DEBUG:mysql.connector.connection:new_auth_plugin: mysql_native_password
DEBUG:mysql.connector.connection:new_auth_plugin: mysql_native_password
WARNING:werkzeug: * Debugger is active!
INFO:werkzeug: * Debugger PIN: 158-575-265
INFO:werkzeug: * Running on http://0.0.0.0:5000/ (Press CTRL+C to quit)
INFO:werkzeug:127.0.0.1 - - [08/Mar/2021 14:57:05] "[35m[1mPOST /login HTTP/1.1[0m" 500 -
INFO:werkzeug: * Detected change in 'C:\\Users\\Patrick\\Desktop\\green2go\\Backend\\handlers\\authHandler.py', reloading
INFO:werkzeug: * Restarting with stat
DEBUG:mysql.connector.connection:new_auth_plugin: mysql_native_password
DEBUG:mysql.connector.connection:new_auth_plugin: mysql_native_password
DEBUG:mysql.connector.connection:new_auth_plugin: mysql_native_password
DEBUG:mysql.connector.connection:new_auth_plugin: mysql_native_password
INFO:werkzeug: * Restarting with stat
DEBUG:mysql.connector.connection:new_auth_plugin: mysql_native_password
DEBUG:mysql.connector.connection:new_auth_plugin: mysql_native_password
DEBUG:mysql.connector.connection:new_auth_plugin: mysql_native_password
DEBUG:mysql.connector.connection:new_auth_plugin: mysql_native_password
WARNING:werkzeug: * Debugger is active!
INFO:werkzeug: * Debugger PIN: 158-575-265
INFO:werkzeug: * Running on http://0.0.0.0:5000/ (Press CTRL+C to quit)
INFO:werkzeug:127.0.0.1 - - [08/Mar/2021 14:57:43] "[37mPOST /login HTTP/1.1[0m" 200 -
INFO:werkzeug: * Detected change in 'C:\\Users\\Patrick\\Desktop\\green2go\\Backend\\handlers\\authHandler.py', reloading
INFO:werkzeug: * Restarting with stat
DEBUG:mysql.connector.connection:new_auth_plugin: mysql_native_password
DEBUG:mysql.connector.connection:new_auth_plugin: mysql_native_password
DEBUG:mysql.connector.connection:new_auth_plugin: mysql_native_password
DEBUG:mysql.connector.connection:new_auth_plugin: mysql_native_password
WARNING:werkzeug: * Debugger is active!
INFO:werkzeug: * Debugger PIN: 158-575-265
INFO:werkzeug: * Running on http://0.0.0.0:5000/ (Press CTRL+C to quit)
INFO:werkzeug: * Detected change in 'C:\\Users\\Patrick\\Desktop\\green2go\\Backend\\handlers\\helperHandler.py', reloading
INFO:werkzeug: * Restarting with stat
DEBUG:mysql.connector.connection:new_auth_plugin: mysql_native_password
DEBUG:mysql.connector.connection:new_auth_plugin: mysql_native_password
DEBUG:mysql.connector.connection:new_auth_plugin: mysql_native_password
DEBUG:mysql.connector.connection:new_auth_plugin: mysql_native_password
WARNING:werkzeug: * Debugger is active!
INFO:werkzeug: * Debugger PIN: 158-575-265
INFO:werkzeug: * Running on http://0.0.0.0:5000/ (Press CTRL+C to quit)
INFO:werkzeug: * Detected change in 'C:\\Users\\Patrick\\Desktop\\green2go\\Backend\\handlers\\authHandler.py', reloading
INFO:werkzeug: * Restarting with stat
DEBUG:mysql.connector.connection:new_auth_plugin: mysql_native_password
DEBUG:mysql.connector.connection:new_auth_plugin: mysql_native_password
DEBUG:mysql.connector.connection:new_auth_plugin: mysql_native_password
DEBUG:mysql.connector.connection:new_auth_plugin: mysql_native_password
INFO:werkzeug: * Restarting with stat
DEBUG:mysql.connector.connection:new_auth_plugin: mysql_native_password
DEBUG:mysql.connector.connection:new_auth_plugin: mysql_native_password
DEBUG:mysql.connector.connection:new_auth_plugin: mysql_native_password
DEBUG:mysql.connector.connection:new_auth_plugin: mysql_native_password
WARNING:werkzeug: * Debugger is active!
INFO:werkzeug: * Debugger PIN: 158-575-265
INFO:werkzeug: * Running on http://0.0.0.0:5000/ (Press CTRL+C to quit)
INFO:werkzeug:127.0.0.1 - - [08/Mar/2021 14:58:51] "[37mPOST /login HTTP/1.1[0m" 200 -
INFO:werkzeug: * Detected change in 'C:\\Users\\Patrick\\Desktop\\green2go\\Backend\\handlers\\authHandler.py', reloading
INFO:werkzeug: * Restarting with stat
DEBUG:mysql.connector.connection:new_auth_plugin: mysql_native_password
DEBUG:mysql.connector.connection:new_auth_plugin: mysql_native_password
DEBUG:mysql.connector.connection:new_auth_plugin: mysql_native_password
DEBUG:mysql.connector.connection:new_auth_plugin: mysql_native_password
WARNING:werkzeug: * Debugger is active!
INFO:werkzeug: * Debugger PIN: 158-575-265
INFO:werkzeug: * Running on http://0.0.0.0:5000/ (Press CTRL+C to quit)
INFO:werkzeug: * Detected change in 'C:\\Users\\Patrick\\Desktop\\green2go\\Backend\\handlers\\helperHandler.py', reloading
INFO:werkzeug: * Restarting with stat
DEBUG:mysql.connector.connection:new_auth_plugin: mysql_native_password
DEBUG:mysql.connector.connection:new_auth_plugin: mysql_native_password
DEBUG:mysql.connector.connection:new_auth_plugin: mysql_native_password
DEBUG:mysql.connector.connection:new_auth_plugin: mysql_native_password
WARNING:werkzeug: * Debugger is active!
INFO:werkzeug: * Debugger PIN: 158-575-265
INFO:werkzeug: * Running on http://0.0.0.0:5000/ (Press CTRL+C to quit)
DEBUG:mysql.connector.connection:new_auth_plugin: mysql_native_password
DEBUG:mysql.connector.connection:new_auth_plugin: mysql_native_password
DEBUG:mysql.connector.connection:new_auth_plugin: mysql_native_password
DEBUG:mysql.connector.connection:new_auth_plugin: mysql_native_password
INFO:werkzeug: * Restarting with stat
DEBUG:mysql.connector.connection:new_auth_plugin: mysql_native_password
DEBUG:mysql.connector.connection:new_auth_plugin: mysql_native_password
DEBUG:mysql.connector.connection:new_auth_plugin: mysql_native_password
DEBUG:mysql.connector.connection:new_auth_plugin: mysql_native_password
WARNING:werkzeug: * Debugger is active!
INFO:werkzeug: * Debugger PIN: 158-575-265
INFO:werkzeug: * Running on http://0.0.0.0:5000/ (Press CTRL+C to quit)
INFO:werkzeug:127.0.0.1 - - [08/Mar/2021 14:59:42] "[37mPOST /login HTTP/1.1[0m" 200 -
INFO:werkzeug: * Detected change in 'C:\\Users\\Patrick\\Desktop\\green2go\\Backend\\handlers\\helperHandler.py', reloading
INFO:werkzeug: * Restarting with stat
DEBUG:mysql.connector.connection:new_auth_plugin: mysql_native_password
DEBUG:mysql.connector.connection:new_auth_plugin: mysql_native_password
DEBUG:mysql.connector.connection:new_auth_plugin: mysql_native_password
DEBUG:mysql.connector.connection:new_auth_plugin: mysql_native_password
WARNING:werkzeug: * Debugger is active!
INFO:werkzeug: * Debugger PIN: 158-575-265
DEBUG:mysql.connector.connection:new_auth_plugin: mysql_native_password
DEBUG:mysql.connector.connection:new_auth_plugin: mysql_native_password
DEBUG:mysql.connector.connection:new_auth_plugin: mysql_native_password
DEBUG:mysql.connector.connection:new_auth_plugin: mysql_native_password
INFO:werkzeug: * Restarting with stat
DEBUG:mysql.connector.connection:new_auth_plugin: mysql_native_password
DEBUG:mysql.connector.connection:new_auth_plugin: mysql_native_password
DEBUG:mysql.connector.connection:new_auth_plugin: mysql_native_password
DEBUG:mysql.connector.connection:new_auth_plugin: mysql_native_password
WARNING:werkzeug: * Debugger is active!
INFO:werkzeug: * Debugger PIN: 158-575-265
INFO:werkzeug: * Running on http://0.0.0.0:5000/ (Press CTRL+C to quit)
INFO:werkzeug: * Detected change in 'C:\\Users\\Patrick\\Desktop\\green2go\\Backend\\handlers\\helperHandler.py', reloading
INFO:werkzeug: * Restarting with stat
DEBUG:mysql.connector.connection:new_auth_plugin: mysql_native_password
DEBUG:mysql.connector.connection:new_auth_plugin: mysql_native_password
DEBUG:mysql.connector.connection:new_auth_plugin: mysql_native_password
DEBUG:mysql.connector.connection:new_auth_plugin: mysql_native_password
WARNING:werkzeug: * Debugger is active!
INFO:werkzeug: * Debugger PIN: 158-575-265
INFO:werkzeug: * Running on http://0.0.0.0:5000/ (Press CTRL+C to quit)
DEBUG:mysql.connector.connection:new_auth_plugin: mysql_native_password
DEBUG:mysql.connector.connection:new_auth_plugin: mysql_native_password
DEBUG:mysql.connector.connection:new_auth_plugin: mysql_native_password
DEBUG:mysql.connector.connection:new_auth_plugin: mysql_native_password
INFO:werkzeug: * Restarting with stat
DEBUG:mysql.connector.connection:new_auth_plugin: mysql_native_password
DEBUG:mysql.connector.connection:new_auth_plugin: mysql_native_password
DEBUG:mysql.connector.connection:new_auth_plugin: mysql_native_password
DEBUG:mysql.connector.connection:new_auth_plugin: mysql_native_password
WARNING:werkzeug: * Debugger is active!
INFO:werkzeug: * Debugger PIN: 158-575-265
INFO:werkzeug: * Running on http://0.0.0.0:5000/ (Press CTRL+C to quit)
DEBUG:mysql.connector.connection:new_auth_plugin: mysql_native_password
INFO:werkzeug:127.0.0.1 - - [08/Mar/2021 15:02:05] "[37mPOST /login HTTP/1.1[0m" 200 -
INFO:werkzeug: * Detected change in 'C:\\Users\\Patrick\\Desktop\\green2go\\Backend\\handlers\\helperHandler.py', reloading
INFO:werkzeug: * Restarting with stat
DEBUG:mysql.connector.connection:new_auth_plugin: mysql_native_password
DEBUG:mysql.connector.connection:new_auth_plugin: mysql_native_password
DEBUG:mysql.connector.connection:new_auth_plugin: mysql_native_password
DEBUG:mysql.connector.connection:new_auth_plugin: mysql_native_password
WARNING:werkzeug: * Debugger is active!
INFO:werkzeug: * Debugger PIN: 158-575-265
INFO:werkzeug: * Running on http://0.0.0.0:5000/ (Press CTRL+C to quit)
INFO:werkzeug: * Detected change in 'C:\\Users\\Patrick\\Desktop\\green2go\\Backend\\handlers\\authHandler.py', reloading
INFO:werkzeug: * Restarting with stat
DEBUG:mysql.connector.connection:new_auth_plugin: mysql_native_password
DEBUG:mysql.connector.connection:new_auth_plugin: mysql_native_password
DEBUG:mysql.connector.connection:new_auth_plugin: mysql_native_password
DEBUG:mysql.connector.connection:new_auth_plugin: mysql_native_password
WARNING:werkzeug: * Debugger is active!
INFO:werkzeug: * Debugger PIN: 158-575-265
DEBUG:mysql.connector.connection:new_auth_plugin: mysql_native_password
DEBUG:mysql.connector.connection:new_auth_plugin: mysql_native_password
DEBUG:mysql.connector.connection:new_auth_plugin: mysql_native_password
DEBUG:mysql.connector.connection:new_auth_plugin: mysql_native_password
INFO:werkzeug: * Restarting with stat
DEBUG:mysql.connector.connection:new_auth_plugin: mysql_native_password
DEBUG:mysql.connector.connection:new_auth_plugin: mysql_native_password
DEBUG:mysql.connector.connection:new_auth_plugin: mysql_native_password
DEBUG:mysql.connector.connection:new_auth_plugin: mysql_native_password
WARNING:werkzeug: * Debugger is active!
INFO:werkzeug: * Debugger PIN: 158-575-265
INFO:werkzeug: * Running on http://0.0.0.0:5000/ (Press CTRL+C to quit)
INFO:root:Entering getUser
INFO:root:getUser successful
INFO:werkzeug:127.0.0.1 - - [08/Mar/2021 15:03:38] "[37mPOST /login HTTP/1.1[0m" 200 -
INFO:werkzeug: * Detected change in 'C:\\Users\\Patrick\\Desktop\\green2go\\Backend\\runBackend.py', reloading
INFO:werkzeug: * Restarting with stat
DEBUG:mysql.connector.connection:new_auth_plugin: mysql_native_password
DEBUG:mysql.connector.connection:new_auth_plugin: mysql_native_password
DEBUG:mysql.connector.connection:new_auth_plugin: mysql_native_password
DEBUG:mysql.connector.connection:new_auth_plugin: mysql_native_password
INFO:werkzeug: * Restarting with stat
DEBUG:mysql.connector.connection:new_auth_plugin: mysql_native_password
DEBUG:mysql.connector.connection:new_auth_plugin: mysql_native_password
DEBUG:mysql.connector.connection:new_auth_plugin: mysql_native_password
DEBUG:mysql.connector.connection:new_auth_plugin: mysql_native_password
WARNING:werkzeug: * Debugger is active!
INFO:werkzeug: * Debugger PIN: 158-575-265
INFO:werkzeug: * Running on http://0.0.0.0:5000/ (Press CTRL+C to quit)
INFO:root:Entering getUser
INFO:root:getUser successful
INFO:werkzeug:127.0.0.1 - - [08/Mar/2021 15:25:49] "[37mPOST /login HTTP/1.1[0m" 200 -
INFO:werkzeug:127.0.0.1 - - [08/Mar/2021 15:26:03] "[35m[1mGET /getUser?email=test9@students.stonehill.edu HTTP/1.1[0m" 500 -
INFO:werkzeug: * Detected change in 'C:\\Users\\Patrick\\Desktop\\green2go\\Backend\\handlers\\userHandler.py', reloading
INFO:werkzeug: * Restarting with stat
DEBUG:mysql.connector.connection:new_auth_plugin: mysql_native_password
DEBUG:mysql.connector.connection:new_auth_plugin: mysql_native_password
DEBUG:mysql.connector.connection:new_auth_plugin: mysql_native_password
DEBUG:mysql.connector.connection:new_auth_plugin: mysql_native_password
INFO:werkzeug: * Restarting with stat
DEBUG:mysql.connector.connection:new_auth_plugin: mysql_native_password
DEBUG:mysql.connector.connection:new_auth_plugin: mysql_native_password
DEBUG:mysql.connector.connection:new_auth_plugin: mysql_native_password
DEBUG:mysql.connector.connection:new_auth_plugin: mysql_native_password
WARNING:werkzeug: * Debugger is active!
INFO:werkzeug: * Debugger PIN: 158-575-265
INFO:werkzeug: * Running on http://0.0.0.0:5000/ (Press CTRL+C to quit)
INFO:werkzeug:127.0.0.1 - - [08/Mar/2021 15:27:06] "[37mGET /getUser?email=test9@students.stonehill.edu HTTP/1.1[0m" 200 -
DEBUG:mysql.connector.connection:new_auth_plugin: mysql_native_password
INFO:root:Entering getUser
INFO:root:getUser successful
INFO:werkzeug:127.0.0.1 - - [08/Mar/2021 15:27:16] "[35m[1mGET /getUser?email=test9@students.stonehill.edu&auth_token=lhKTQBfHKxJcWf2oSjOAaVeFBbEzDRga0BYJQUBiJ7j57 HTTP/1.1[0m" 500 -
INFO:werkzeug: * Detected change in 'C:\\Users\\Patrick\\Desktop\\green2go\\Backend\\runBackend.py', reloading
INFO:werkzeug: * Restarting with stat
DEBUG:mysql.connector.connection:new_auth_plugin: mysql_native_password
DEBUG:mysql.connector.connection:new_auth_plugin: mysql_native_password
DEBUG:mysql.connector.connection:new_auth_plugin: mysql_native_password
DEBUG:mysql.connector.connection:new_auth_plugin: mysql_native_password
WARNING:werkzeug: * Debugger is active!
DEBUG:mysql.connector.connection:new_auth_plugin: mysql_native_password
DEBUG:mysql.connector.connection:new_auth_plugin: mysql_native_password
DEBUG:mysql.connector.connection:new_auth_plugin: mysql_native_password
DEBUG:mysql.connector.connection:new_auth_plugin: mysql_native_password
INFO:werkzeug: * Restarting with stat
DEBUG:mysql.connector.connection:new_auth_plugin: mysql_native_password
DEBUG:mysql.connector.connection:new_auth_plugin: mysql_native_password
DEBUG:mysql.connector.connection:new_auth_plugin: mysql_native_password
DEBUG:mysql.connector.connection:new_auth_plugin: mysql_native_password
WARNING:werkzeug: * Debugger is active!
INFO:werkzeug: * Debugger PIN: 158-575-265
INFO:werkzeug: * Running on http://0.0.0.0:5000/ (Press CTRL+C to quit)
DEBUG:mysql.connector.connection:new_auth_plugin: mysql_native_password
INFO:root:Entering getUser
INFO:root:getUser successful
INFO:werkzeug:127.0.0.1 - - [08/Mar/2021 15:28:07] "[37mGET /getUser?email=test9@students.stonehill.edu&auth_token=lhKTQBfHKxJcWf2oSjOAaVeFBbEzDRga0BYJQUBiJ7j57 HTTP/1.1[0m" 200 -
INFO:werkzeug: * Detected change in 'C:\\Users\\Patrick\\Desktop\\green2go\\Backend\\runBackend.py', reloading
INFO:werkzeug: * Restarting with stat
DEBUG:mysql.connector.connection:new_auth_plugin: mysql_native_password
DEBUG:mysql.connector.connection:new_auth_plugin: mysql_native_password
DEBUG:mysql.connector.connection:new_auth_plugin: mysql_native_password
DEBUG:mysql.connector.connection:new_auth_plugin: mysql_native_password
WARNING:werkzeug: * Debugger is active!
INFO:werkzeug: * Debugger PIN: 158-575-265
INFO:werkzeug: * Running on http://0.0.0.0:5000/ (Press CTRL+C to quit)
DEBUG:mysql.connector.connection:new_auth_plugin: mysql_native_password
DEBUG:mysql.connector.connection:new_auth_plugin: mysql_native_password
DEBUG:mysql.connector.connection:new_auth_plugin: mysql_native_password
DEBUG:mysql.connector.connection:new_auth_plugin: mysql_native_password
INFO:werkzeug: * Restarting with stat
DEBUG:mysql.connector.connection:new_auth_plugin: mysql_native_password
DEBUG:mysql.connector.connection:new_auth_plugin: mysql_native_password
DEBUG:mysql.connector.connection:new_auth_plugin: mysql_native_password
DEBUG:mysql.connector.connection:new_auth_plugin: mysql_native_password
WARNING:werkzeug: * Debugger is active!
INFO:werkzeug: * Debugger PIN: 158-575-265
INFO:werkzeug: * Running on http://0.0.0.0:5000/ (Press CTRL+C to quit)
INFO:werkzeug:127.0.0.1 - - [08/Mar/2021 15:41:39] "[37mGET /getContainer HTTP/1.1[0m" 200 -
INFO:werkzeug:127.0.0.1 - - [08/Mar/2021 15:41:51] "[37mGET /getContainer?qrcode=001 HTTP/1.1[0m" 200 -
INFO:werkzeug: * Detected change in 'C:\\Users\\Patrick\\Desktop\\green2go\\Backend\\runBackend.py', reloading
INFO:werkzeug: * Restarting with stat
DEBUG:mysql.connector.connection:new_auth_plugin: mysql_native_password
DEBUG:mysql.connector.connection:new_auth_plugin: mysql_native_password
DEBUG:mysql.connector.connection:new_auth_plugin: mysql_native_password
DEBUG:mysql.connector.connection:new_auth_plugin: mysql_native_password
WARNING:werkzeug: * Debugger is active!
INFO:werkzeug: * Debugger PIN: 158-575-265
INFO:werkzeug: * Running on http://0.0.0.0:5000/ (Press CTRL+C to quit)
INFO:werkzeug: * Detected change in 'C:\\Users\\Patrick\\Desktop\\green2go\\Backend\\runBackend.py', reloading
INFO:werkzeug: * Restarting with stat
DEBUG:mysql.connector.connection:new_auth_plugin: mysql_native_password
DEBUG:mysql.connector.connection:new_auth_plugin: mysql_native_password
DEBUG:mysql.connector.connection:new_auth_plugin: mysql_native_password
DEBUG:mysql.connector.connection:new_auth_plugin: mysql_native_password
WARNING:werkzeug: * Debugger is active!
INFO:werkzeug: * Debugger PIN: 158-575-265
INFO:werkzeug: * Running on http://0.0.0.0:5000/ (Press CTRL+C to quit)
DEBUG:mysql.connector.connection:new_auth_plugin: mysql_native_password
DEBUG:mysql.connector.connection:new_auth_plugin: mysql_native_password
DEBUG:mysql.connector.connection:new_auth_plugin: mysql_native_password
DEBUG:mysql.connector.connection:new_auth_plugin: mysql_native_password
INFO:werkzeug: * Restarting with stat
DEBUG:mysql.connector.connection:new_auth_plugin: mysql_native_password
DEBUG:mysql.connector.connection:new_auth_plugin: mysql_native_password
DEBUG:mysql.connector.connection:new_auth_plugin: mysql_native_password
DEBUG:mysql.connector.connection:new_auth_plugin: mysql_native_password
DEBUG:mysql.connector.connection:new_auth_plugin: mysql_native_password
DEBUG:mysql.connector.connection:new_auth_plugin: mysql_native_password
INFO:werkzeug: * Restarting with stat
DEBUG:mysql.connector.connection:new_auth_plugin: mysql_native_password
DEBUG:mysql.connector.connection:new_auth_plugin: mysql_native_password
DEBUG:mysql.connector.connection:new_auth_plugin: mysql_native_password
DEBUG:mysql.connector.connection:new_auth_plugin: mysql_native_password
WARNING:werkzeug: * Debugger is active!
INFO:werkzeug: * Debugger PIN: 158-575-265
INFO:werkzeug: * Running on http://0.0.0.0:5000/ (Press CTRL+C to quit)
INFO:werkzeug:127.0.0.1 - - [08/Mar/2021 15:51:42] "[35m[1mPOST /addUser HTTP/1.1[0m" 500 -
INFO:werkzeug: * Detected change in 'C:\\Users\\Patrick\\Desktop\\green2go\\Backend\\handlers\\userHandler.py', reloading
INFO:werkzeug: * Restarting with stat
DEBUG:mysql.connector.connection:new_auth_plugin: mysql_native_password
DEBUG:mysql.connector.connection:new_auth_plugin: mysql_native_password
DEBUG:mysql.connector.connection:new_auth_plugin: mysql_native_password
DEBUG:mysql.connector.connection:new_auth_plugin: mysql_native_password
WARNING:werkzeug: * Debugger is active!
INFO:werkzeug: * Debugger PIN: 158-575-265
INFO:werkzeug: * Running on http://0.0.0.0:5000/ (Press CTRL+C to quit)
DEBUG:mysql.connector.connection:new_auth_plugin: mysql_native_password
DEBUG:mysql.connector.connection:new_auth_plugin: mysql_native_password
DEBUG:mysql.connector.connection:new_auth_plugin: mysql_native_password
DEBUG:mysql.connector.connection:new_auth_plugin: mysql_native_password
INFO:werkzeug: * Restarting with stat
DEBUG:mysql.connector.connection:new_auth_plugin: mysql_native_password
DEBUG:mysql.connector.connection:new_auth_plugin: mysql_native_password
DEBUG:mysql.connector.connection:new_auth_plugin: mysql_native_password
DEBUG:mysql.connector.connection:new_auth_plugin: mysql_native_password
WARNING:werkzeug: * Debugger is active!
INFO:werkzeug: * Debugger PIN: 158-575-265
INFO:werkzeug: * Running on http://0.0.0.0:5000/ (Press CTRL+C to quit)
INFO:werkzeug:127.0.0.1 - - [08/Mar/2021 15:52:30] "[35m[1mPOST /addUser HTTP/1.1[0m" 500 -
INFO:werkzeug: * Detected change in 'C:\\Users\\Patrick\\Desktop\\green2go\\Backend\\handlers\\userHandler.py', reloading
INFO:werkzeug: * Restarting with stat
DEBUG:mysql.connector.connection:new_auth_plugin: mysql_native_password
DEBUG:mysql.connector.connection:new_auth_plugin: mysql_native_password
DEBUG:mysql.connector.connection:new_auth_plugin: mysql_native_password
DEBUG:mysql.connector.connection:new_auth_plugin: mysql_native_password
INFO:werkzeug: * Restarting with stat
DEBUG:mysql.connector.connection:new_auth_plugin: mysql_native_password
DEBUG:mysql.connector.connection:new_auth_plugin: mysql_native_password
DEBUG:mysql.connector.connection:new_auth_plugin: mysql_native_password
DEBUG:mysql.connector.connection:new_auth_plugin: mysql_native_password
WARNING:werkzeug: * Debugger is active!
INFO:werkzeug: * Debugger PIN: 158-575-265
INFO:werkzeug: * Running on http://0.0.0.0:5000/ (Press CTRL+C to quit)
INFO:werkzeug:127.0.0.1 - - [08/Mar/2021 15:53:05] "[35m[1mPOST /addUser HTTP/1.1[0m" 500 -
INFO:werkzeug: * Detected change in 'C:\\Users\\Patrick\\Desktop\\green2go\\Backend\\handlers\\userHandler.py', reloading
INFO:werkzeug: * Restarting with stat
DEBUG:mysql.connector.connection:new_auth_plugin: mysql_native_password
DEBUG:mysql.connector.connection:new_auth_plugin: mysql_native_password
DEBUG:mysql.connector.connection:new_auth_plugin: mysql_native_password
DEBUG:mysql.connector.connection:new_auth_plugin: mysql_native_password
DEBUG:mysql.connector.connection:new_auth_plugin: mysql_native_password
INFO:werkzeug: * Restarting with stat
DEBUG:mysql.connector.connection:new_auth_plugin: mysql_native_password
DEBUG:mysql.connector.connection:new_auth_plugin: mysql_native_password
DEBUG:mysql.connector.connection:new_auth_plugin: mysql_native_password
DEBUG:mysql.connector.connection:new_auth_plugin: mysql_native_password
WARNING:werkzeug: * Debugger is active!
INFO:werkzeug: * Debugger PIN: 158-575-265
INFO:werkzeug: * Running on http://0.0.0.0:5000/ (Press CTRL+C to quit)
INFO:werkzeug:127.0.0.1 - - [08/Mar/2021 15:53:24] "[37mPOST /addUser HTTP/1.1[0m" 200 -
INFO:werkzeug: * Detected change in 'C:\\Users\\Patrick\\Desktop\\green2go\\Backend\\handlers\\helperHandler.py', reloading
INFO:werkzeug: * Restarting with stat
DEBUG:mysql.connector.connection:new_auth_plugin: mysql_native_password
DEBUG:mysql.connector.connection:new_auth_plugin: mysql_native_password
DEBUG:mysql.connector.connection:new_auth_plugin: mysql_native_password
DEBUG:mysql.connector.connection:new_auth_plugin: mysql_native_password
WARNING:werkzeug: * Debugger is active!
INFO:werkzeug: * Debugger PIN: 158-575-265
DEBUG:mysql.connector.connection:new_auth_plugin: mysql_native_password
DEBUG:mysql.connector.connection:new_auth_plugin: mysql_native_password
DEBUG:mysql.connector.connection:new_auth_plugin: mysql_native_password
DEBUG:mysql.connector.connection:new_auth_plugin: mysql_native_password
INFO:werkzeug: * Restarting with stat
DEBUG:mysql.connector.connection:new_auth_plugin: mysql_native_password
DEBUG:mysql.connector.connection:new_auth_plugin: mysql_native_password
DEBUG:mysql.connector.connection:new_auth_plugin: mysql_native_password
DEBUG:mysql.connector.connection:new_auth_plugin: mysql_native_password
WARNING:werkzeug: * Debugger is active!
INFO:werkzeug: * Debugger PIN: 158-575-265
INFO:werkzeug: * Running on http://0.0.0.0:5000/ (Press CTRL+C to quit)
INFO:werkzeug:127.0.0.1 - - [08/Mar/2021 15:55:30] "[37mPOST /addUser HTTP/1.1[0m" 200 -
INFO:werkzeug: * Detected change in 'C:\\Users\\Patrick\\Desktop\\green2go\\Backend\\handlers\\helperHandler.py', reloading
INFO:werkzeug: * Restarting with stat
DEBUG:mysql.connector.connection:new_auth_plugin: mysql_native_password
DEBUG:mysql.connector.connection:new_auth_plugin: mysql_native_password
DEBUG:mysql.connector.connection:new_auth_plugin: mysql_native_password
DEBUG:mysql.connector.connection:new_auth_plugin: mysql_native_password
WARNING:werkzeug: * Debugger is active!
INFO:werkzeug: * Debugger PIN: 158-575-265
INFO:werkzeug: * Running on http://0.0.0.0:5000/ (Press CTRL+C to quit)
INFO:werkzeug: * Detected change in 'C:\\Users\\Patrick\\Desktop\\green2go\\Backend\\handlers\\helperHandler.py', reloading
INFO:werkzeug: * Restarting with stat
DEBUG:mysql.connector.connection:new_auth_plugin: mysql_native_password
DEBUG:mysql.connector.connection:new_auth_plugin: mysql_native_password
DEBUG:mysql.connector.connection:new_auth_plugin: mysql_native_password
DEBUG:mysql.connector.connection:new_auth_plugin: mysql_native_password
DEBUG:mysql.connector.connection:new_auth_plugin: mysql_native_password
INFO:werkzeug: * Restarting with stat
DEBUG:mysql.connector.connection:new_auth_plugin: mysql_native_password
DEBUG:mysql.connector.connection:new_auth_plugin: mysql_native_password
DEBUG:mysql.connector.connection:new_auth_plugin: mysql_native_password
DEBUG:mysql.connector.connection:new_auth_plugin: mysql_native_password
WARNING:werkzeug: * Debugger is active!
INFO:werkzeug: * Debugger PIN: 158-575-265
INFO:werkzeug: * Running on http://0.0.0.0:5000/ (Press CTRL+C to quit)
INFO:werkzeug:127.0.0.1 - - [08/Mar/2021 15:56:21] "[37mPOST /addUser HTTP/1.1[0m" 200 -
INFO:werkzeug: * Detected change in 'C:\\Users\\Patrick\\Desktop\\green2go\\Backend\\handlers\\helperHandler.py', reloading
INFO:werkzeug: * Restarting with stat
DEBUG:mysql.connector.connection:new_auth_plugin: mysql_native_password
DEBUG:mysql.connector.connection:new_auth_plugin: mysql_native_password
DEBUG:mysql.connector.connection:new_auth_plugin: mysql_native_password
DEBUG:mysql.connector.connection:new_auth_plugin: mysql_native_password
INFO:werkzeug: * Restarting with stat
DEBUG:mysql.connector.connection:new_auth_plugin: mysql_native_password
DEBUG:mysql.connector.connection:new_auth_plugin: mysql_native_password
DEBUG:mysql.connector.connection:new_auth_plugin: mysql_native_password
DEBUG:mysql.connector.connection:new_auth_plugin: mysql_native_password
WARNING:werkzeug: * Debugger is active!
INFO:werkzeug: * Debugger PIN: 158-575-265
INFO:werkzeug: * Running on http://0.0.0.0:5000/ (Press CTRL+C to quit)
INFO:werkzeug:127.0.0.1 - - [08/Mar/2021 15:57:04] "[37mPOST /addUser HTTP/1.1[0m" 200 -
INFO:werkzeug: * Detected change in 'C:\\Users\\Patrick\\Desktop\\green2go\\Backend\\handlers\\helperHandler.py', reloading
INFO:werkzeug: * Restarting with stat
DEBUG:mysql.connector.connection:new_auth_plugin: mysql_native_password
DEBUG:mysql.connector.connection:new_auth_plugin: mysql_native_password
DEBUG:mysql.connector.connection:new_auth_plugin: mysql_native_password
DEBUG:mysql.connector.connection:new_auth_plugin: mysql_native_password
DEBUG:mysql.connector.connection:new_auth_plugin: mysql_native_password
DEBUG:mysql.connector.connection:new_auth_plugin: mysql_native_password
INFO:werkzeug: * Restarting with stat
DEBUG:mysql.connector.connection:new_auth_plugin: mysql_native_password
DEBUG:mysql.connector.connection:new_auth_plugin: mysql_native_password
DEBUG:mysql.connector.connection:new_auth_plugin: mysql_native_password
DEBUG:mysql.connector.connection:new_auth_plugin: mysql_native_password
WARNING:werkzeug: * Debugger is active!
INFO:werkzeug: * Debugger PIN: 158-575-265
INFO:werkzeug: * Running on http://0.0.0.0:5000/ (Press CTRL+C to quit)
INFO:werkzeug:127.0.0.1 - - [08/Mar/2021 15:58:34] "[37mPOST /addUser HTTP/1.1[0m" 200 -
INFO:werkzeug: * Detected change in 'C:\\Users\\Patrick\\Desktop\\green2go\\Backend\\handlers\\helperHandler.py', reloading
INFO:werkzeug: * Restarting with stat
DEBUG:mysql.connector.connection:new_auth_plugin: mysql_native_password
DEBUG:mysql.connector.connection:new_auth_plugin: mysql_native_password
DEBUG:mysql.connector.connection:new_auth_plugin: mysql_native_password
DEBUG:mysql.connector.connection:new_auth_plugin: mysql_native_password
INFO:werkzeug: * Restarting with stat
DEBUG:mysql.connector.connection:new_auth_plugin: mysql_native_password
DEBUG:mysql.connector.connection:new_auth_plugin: mysql_native_password
DEBUG:mysql.connector.connection:new_auth_plugin: mysql_native_password
DEBUG:mysql.connector.connection:new_auth_plugin: mysql_native_password
WARNING:werkzeug: * Debugger is active!
INFO:werkzeug: * Debugger PIN: 158-575-265
INFO:werkzeug: * Running on http://0.0.0.0:5000/ (Press CTRL+C to quit)
INFO:werkzeug:127.0.0.1 - - [08/Mar/2021 15:59:08] "[37mPOST /addUser HTTP/1.1[0m" 200 -
INFO:werkzeug: * Detected change in 'C:\\Users\\Patrick\\Desktop\\green2go\\Backend\\handlers\\helperHandler.py', reloading
INFO:werkzeug: * Restarting with stat
DEBUG:mysql.connector.connection:new_auth_plugin: mysql_native_password
DEBUG:mysql.connector.connection:new_auth_plugin: mysql_native_password
DEBUG:mysql.connector.connection:new_auth_plugin: mysql_native_password
DEBUG:mysql.connector.connection:new_auth_plugin: mysql_native_password
WARNING:werkzeug: * Debugger is active!
INFO:werkzeug: * Debugger PIN: 158-575-265
INFO:werkzeug: * Running on http://0.0.0.0:5000/ (Press CTRL+C to quit)
INFO:werkzeug: * Detected change in 'C:\\Users\\Patrick\\Desktop\\green2go\\Backend\\handlers\\helperHandler.py', reloading
INFO:werkzeug: * Restarting with stat
DEBUG:mysql.connector.connection:new_auth_plugin: mysql_native_password
DEBUG:mysql.connector.connection:new_auth_plugin: mysql_native_password
DEBUG:mysql.connector.connection:new_auth_plugin: mysql_native_password
DEBUG:mysql.connector.connection:new_auth_plugin: mysql_native_password
DEBUG:mysql.connector.connection:new_auth_plugin: mysql_native_password
DEBUG:mysql.connector.connection:new_auth_plugin: mysql_native_password
INFO:werkzeug: * Restarting with stat
DEBUG:mysql.connector.connection:new_auth_plugin: mysql_native_password
DEBUG:mysql.connector.connection:new_auth_plugin: mysql_native_password
DEBUG:mysql.connector.connection:new_auth_plugin: mysql_native_password
DEBUG:mysql.connector.connection:new_auth_plugin: mysql_native_password
WARNING:werkzeug: * Debugger is active!
INFO:werkzeug: * Debugger PIN: 158-575-265
INFO:werkzeug: * Running on http://0.0.0.0:5000/ (Press CTRL+C to quit)
INFO:root:Entering addUser
INFO:root:addUser successful
INFO:werkzeug:127.0.0.1 - - [08/Mar/2021 16:00:34] "[37mPOST /addUser HTTP/1.1[0m" 200 -
INFO:werkzeug: * Detected change in 'C:\\Users\\Patrick\\Desktop\\green2go\\Backend\\handlers\\helperHandler.py', reloading
INFO:werkzeug: * Restarting with stat
DEBUG:mysql.connector.connection:new_auth_plugin: mysql_native_password
DEBUG:mysql.connector.connection:new_auth_plugin: mysql_native_password
DEBUG:mysql.connector.connection:new_auth_plugin: mysql_native_password
DEBUG:mysql.connector.connection:new_auth_plugin: mysql_native_password
WARNING:werkzeug: * Debugger is active!
INFO:werkzeug: * Debugger PIN: 158-575-265
INFO:werkzeug: * Running on http://0.0.0.0:5000/ (Press CTRL+C to quit)
INFO:werkzeug: * Detected change in 'C:\\Users\\Patrick\\Desktop\\green2go\\Backend\\userDao.py', reloading
INFO:werkzeug: * Restarting with stat
INFO:werkzeug: * Restarting with stat
INFO:werkzeug: * Restarting with stat
INFO:werkzeug: * Restarting with stat
