
> choose2reuse@0.1.0 start /root/green2go/Frontend/Web/choose2reuse
> react-scripts start

Attempting to bind to HOST environment variable: 0.0.0.0
If this was unintentional, check that you haven't mistakenly set it in your shell.
Learn more here: https://cra.link/advanced-config

[34mℹ[39m [90m｢wds｣[39m: Project is running at http://0.0.0.0:5002/
[34mℹ[39m [90m｢wds｣[39m: webpack output is served from 
[34mℹ[39m [90m｢wds｣[39m: Content not from webpack is served from /root/green2go/Frontend/Web/choose2reuse/public
[34mℹ[39m [90m｢wds｣[39m: 404s will fallback to /
Starting the development server...

Compiled with warnings.

src/login.js
  Line 2:15:  'Component' is defined but never used  no-unused-vars

src/statusCount.js
  Line 2:15:   'Component' is defined but never used          no-unused-vars
  Line 10:16:  'selected' is assigned a value but never used  no-unused-vars
  Line 16:18:  'select' is defined but never used             no-unused-vars
  Line 22:43:  Expected '===' and instead saw '=='            eqeqeq
  Line 48:29:  Expected '===' and instead saw '=='            eqeqeq

src/table.js
  Line 2:15:   'Component' is defined but never used                                                 no-unused-vars
  Line 11:16:  'selected' is assigned a value but never used                                         no-unused-vars
  Line 15:18:  'routeChangeLocationCount' is defined but never used                                  no-unused-vars
  Line 40:23:  Expected '===' and instead saw '=='                                                   eqeqeq
  Line 42:85:  Expected '===' and instead saw '=='                                                   eqeqeq
  Line 44:23:  Expected '===' and instead saw '=='                                                   eqeqeq
  Line 46:85:  Expected '===' and instead saw '=='                                                   eqeqeq
  Line 48:23:  Expected '===' and instead saw '=='                                                   eqeqeq
  Line 50:85:  Expected '===' and instead saw '=='                                                   eqeqeq
  Line 52:23:  Expected '===' and instead saw '=='                                                   eqeqeq
  Line 54:85:  Expected '===' and instead saw '=='                                                   eqeqeq
  Line 64:20:  Expected '===' and instead saw '=='                                                   eqeqeq
  Line 79:61:  Array.prototype.filter() expects a value to be returned at the end of arrow function  array-callback-return

Search for the keywords to learn more about each warning.
To ignore, add // eslint-disable-next-line to the line before.

